\BOOKMARK [0][-]{chapter*.2}{List of Tables}{}% 1
\BOOKMARK [0][-]{chapter*.3}{List of Figures}{}% 2
\BOOKMARK [0][-]{section*.5}{Acronyms}{}% 3
\BOOKMARK [0][-]{chapter.1}{Introduction}{}% 4
\BOOKMARK [1][-]{section.1.1}{Context}{chapter.1}% 5
\BOOKMARK [1][-]{section.1.2}{Problem Statement}{chapter.1}% 6
\BOOKMARK [1][-]{section.1.3}{Objectives}{chapter.1}% 7
\BOOKMARK [1][-]{section.1.4}{Contributions}{chapter.1}% 8
\BOOKMARK [1][-]{section.1.5}{Structure of the Thesis}{chapter.1}% 9
\BOOKMARK [0][-]{chapter.2}{State of the Art}{}% 10
\BOOKMARK [1][-]{section.2.1}{Communication Technologies Supported by Mobile Devices}{chapter.2}% 11
\BOOKMARK [2][-]{subsection.2.1.1}{Mobile Networks Technologies}{section.2.1}% 12
\BOOKMARK [3][-]{subsubsection.2.1.1.1}{2G: GSM}{subsection.2.1.1}% 13
\BOOKMARK [3][-]{subsubsection.2.1.1.2}{3G: UMTS}{subsection.2.1.1}% 14
\BOOKMARK [3][-]{subsubsection.2.1.1.3}{4G: LTE/LTE-A}{subsection.2.1.1}% 15
\BOOKMARK [2][-]{subsection.2.1.2}{Wi-Fi \(IEEE 802.11\)}{section.2.1}% 16
\BOOKMARK [3][-]{subsubsection.2.1.2.1}{Infrastructure}{subsection.2.1.2}% 17
\BOOKMARK [3][-]{subsubsection.2.1.2.2}{Ad hoc Networks}{subsection.2.1.2}% 18
\BOOKMARK [3][-]{subsubsection.2.1.2.3}{IEEE 802.11s \(Meshed Network\)}{subsection.2.1.2}% 19
\BOOKMARK [3][-]{subsubsection.2.1.2.4}{Wi-Fi Direct}{subsection.2.1.2}% 20
\BOOKMARK [2][-]{subsection.2.1.3}{Bluetooth}{section.2.1}% 21
\BOOKMARK [2][-]{subsection.2.1.4}{NFC \(Near Field Communication\)}{section.2.1}% 22
\BOOKMARK [2][-]{subsection.2.1.5}{Conclusion}{section.2.1}% 23
\BOOKMARK [1][-]{section.2.2}{Bluetooth in Android}{chapter.2}% 24
\BOOKMARK [2][-]{subsection.2.2.1}{Bluetooth Star Formation}{section.2.2}% 25
\BOOKMARK [2][-]{subsection.2.2.2}{Ad Hoc Networking}{section.2.2}% 26
\BOOKMARK [2][-]{subsection.2.2.3}{Multi-Hop Routing}{section.2.2}% 27
\BOOKMARK [1][-]{section.2.3}{Wi-Fi Direct in Android}{chapter.2}% 28
\BOOKMARK [2][-]{subsection.2.3.1}{Wi-Fi Direct Star Formation}{section.2.3}% 29
\BOOKMARK [2][-]{subsection.2.3.2}{Ad Hoc Networking}{section.2.3}% 30
\BOOKMARK [2][-]{subsection.2.3.3}{Multi-Hop Routing}{section.2.3}% 31
\BOOKMARK [1][-]{section.2.4}{Ad hoc Networking Applications in Android}{chapter.2}% 32
\BOOKMARK [2][-]{subsection.2.4.1}{FireChat}{section.2.4}% 33
\BOOKMARK [2][-]{subsection.2.4.2}{Uepaa!}{section.2.4}% 34
\BOOKMARK [2][-]{subsection.2.4.3}{Murmur}{section.2.4}% 35
\BOOKMARK [0][-]{chapter.3}{Prototype Peer-to-Peer Web Access over Bluetooth}{}% 36
\BOOKMARK [1][-]{section.3.1}{Design Choices}{chapter.3}% 37
\BOOKMARK [2][-]{subsection.3.1.1}{Application Type}{section.3.1}% 38
\BOOKMARK [2][-]{subsection.3.1.2}{Ad Hoc Communication Technology}{section.3.1}% 39
\BOOKMARK [2][-]{subsection.3.1.3}{Ad Hoc Routing Protocol}{section.3.1}% 40
\BOOKMARK [1][-]{section.3.2}{Architecture}{chapter.3}% 41
\BOOKMARK [2][-]{subsection.3.2.1}{Bluetooth Connections}{section.3.2}% 42
\BOOKMARK [3][-]{subsubsection.3.2.1.1}{Listening}{subsection.3.2.1}% 43
\BOOKMARK [3][-]{subsubsection.3.2.1.2}{Connecting}{subsection.3.2.1}% 44
\BOOKMARK [3][-]{subsubsection.3.2.1.3}{Connected}{subsection.3.2.1}% 45
\BOOKMARK [2][-]{subsection.3.2.2}{Discovery and Advertisement Protocol}{section.3.2}% 46
\BOOKMARK [3][-]{subsubsection.3.2.2.1}{Discovering Peers}{subsection.3.2.2}% 47
\BOOKMARK [3][-]{subsubsection.3.2.2.2}{Sending an Advertisement Message}{subsection.3.2.2}% 48
\BOOKMARK [3][-]{subsubsection.3.2.2.3}{Receiving an Advertisement Message}{subsection.3.2.2}% 49
\BOOKMARK [2][-]{subsection.3.2.3}{Web Page Exchange Protocol}{section.3.2}% 50
\BOOKMARK [3][-]{subsubsection.3.2.3.1}{Sending a Request Message}{subsection.3.2.3}% 51
\BOOKMARK [3][-]{subsubsection.3.2.3.2}{Receiving a Request Message}{subsection.3.2.3}% 52
\BOOKMARK [3][-]{subsubsection.3.2.3.3}{Sending a Response Message and Web Page}{subsection.3.2.3}% 53
\BOOKMARK [3][-]{subsubsection.3.2.3.4}{Receiving a Response Message and Web Page}{subsection.3.2.3}% 54
\BOOKMARK [0][-]{chapter.4}{Tests and Results}{}% 55
\BOOKMARK [1][-]{section.4.1}{Bluetooth vs. Wi-Fi Direct in Android Devices}{chapter.4}% 56
\BOOKMARK [2][-]{subsection.4.1.1}{Ranges of Communication}{section.4.1}% 57
\BOOKMARK [2][-]{subsection.4.1.2}{Discovery Times}{section.4.1}% 58
\BOOKMARK [2][-]{subsection.4.1.3}{Throughput}{section.4.1}% 59
\BOOKMARK [1][-]{section.4.2}{Testing the Developed Application}{chapter.4}% 60
\BOOKMARK [2][-]{subsection.4.2.1}{Discovery Times}{section.4.2}% 61
\BOOKMARK [2][-]{subsection.4.2.2}{Advertisement Times}{section.4.2}% 62
\BOOKMARK [2][-]{subsection.4.2.3}{Web Page Exchange Throughput}{section.4.2}% 63
\BOOKMARK [0][-]{chapter.5}{Conclusions}{}% 64
\BOOKMARK [1][-]{section.5.1}{Future Work}{chapter.5}% 65
\BOOKMARK [1][-]{section.5.2}{Summary}{chapter.5}% 66
\BOOKMARK [0][-]{section.5.2}{Bibliography}{}% 67
